<?xml version="1.0" encoding="UTF-8"?>
<!-- Generated by org.testng.reporters.JUnitXMLReporter -->
<testsuite ignored="0" hostname="DESKTOP-MAVLUO2" failures="0" tests="6" name="Sanity test" time="184.533" errors="0" timestamp="28 Jul 2018 22:55:08 GMT">
  <testcase classname="GMail.ClickingMenuItems" name="UnreadMailsCount" time="3.817"/>
  <testcase classname="GMail.OpenMails" name="OpeningMail" time="46.372"/>
  <testcase classname="GMail.SendingMail" name="SendMail" time="32.578"/>
  <testcase classname="GMail.SearchingMail" name="SearchAMail" time="11.203"/>
  <testcase classname="GMail.StarringMailAfterOpening" name="CountOfStarredMails" time="6.157"/>
  <testcase classname="GMail.ChangeSettings" name="ChangeGeneralSettings" time="12.316"/>
</testsuite> <!-- Sanity test -->
