<?xml version="1.0" encoding="UTF-8"?>
<testng-results ignored="0" total="6" passed="6" failed="0" skipped="0">
  <reporter-output>
  </reporter-output>
  <suite started-at="2018-07-28T22:52:03Z" name="GMail Automation tests" finished-at="2018-07-28T22:55:08Z" duration-ms="184533">
    <groups>
      <group name="MenuOptions">
        <method signature="ClickingMenuItems.ClickAllMail()[pri:9, instance:GMail.ClickingMenuItems@574b560f]" name="ClickAllMail" class="GMail.ClickingMenuItems"/>
        <method signature="ClickingMenuItems.ClickDrafts()[pri:8, instance:GMail.ClickingMenuItems@574b560f]" name="ClickDrafts" class="GMail.ClickingMenuItems"/>
        <method signature="ClickingMenuItems.ClickHelpAndFeedback()[pri:13, instance:GMail.ClickingMenuItems@574b560f]" name="ClickHelpAndFeedback" class="GMail.ClickingMenuItems"/>
        <method signature="ClickingMenuItems.ClickImportant()[pri:5, instance:GMail.ClickingMenuItems@574b560f]" name="ClickImportant" class="GMail.ClickingMenuItems"/>
        <method signature="ClickingMenuItems.ClickOutbox()[pri:7, instance:GMail.ClickingMenuItems@574b560f]" name="ClickOutbox" class="GMail.ClickingMenuItems"/>
        <method signature="ClickingMenuItems.ClickPromotions()[pri:2, instance:GMail.ClickingMenuItems@574b560f]" name="ClickPromotions" class="GMail.ClickingMenuItems"/>
        <method signature="ClickingMenuItems.ClickSent()[pri:6, instance:GMail.ClickingMenuItems@574b560f]" name="ClickSent" class="GMail.ClickingMenuItems"/>
        <method signature="ClickingMenuItems.ClickSettings()[pri:12, instance:GMail.ClickingMenuItems@574b560f]" name="ClickSettings" class="GMail.ClickingMenuItems"/>
        <method signature="ClickingMenuItems.ClickSnoozed()[pri:4, instance:GMail.ClickingMenuItems@574b560f]" name="ClickSnoozed" class="GMail.ClickingMenuItems"/>
        <method signature="ClickingMenuItems.ClickSocial()[pri:1, instance:GMail.ClickingMenuItems@574b560f]" name="ClickSocial" class="GMail.ClickingMenuItems"/>
        <method signature="ClickingMenuItems.ClickSpam()[pri:10, instance:GMail.ClickingMenuItems@574b560f]" name="ClickSpam" class="GMail.ClickingMenuItems"/>
        <method signature="ClickingMenuItems.ClickStarred()[pri:3, instance:GMail.ClickingMenuItems@574b560f]" name="ClickStarred" class="GMail.ClickingMenuItems"/>
        <method signature="ClickingMenuItems.ClickTrash()[pri:11, instance:GMail.ClickingMenuItems@574b560f]" name="ClickTrash" class="GMail.ClickingMenuItems"/>
        <method signature="ClickingMenuItems.UnreadMailsCount()[pri:0, instance:GMail.ClickingMenuItems@574b560f]" name="UnreadMailsCount" class="GMail.ClickingMenuItems"/>
      </group> <!-- MenuOptions -->
    </groups>
    <test started-at="2018-07-28T22:52:03Z" name="Sanity test" finished-at="2018-07-28T22:55:08Z" duration-ms="184533">
      <class name="GMail.SearchingMail">
        <test-method is-config="true" signature="OpenGmailApp()[pri:0, instance:GMail.SearchingMail@3943a2be]" started-at="2018-07-28T22:54:02Z" name="OpenGmailApp" finished-at="2018-07-28T22:54:13Z" duration-ms="10674" status="PASS">
          <reporter-output>
          </reporter-output>
        </test-method> <!-- OpenGmailApp -->
        <test-method signature="SearchAMail()[pri:0, instance:GMail.SearchingMail@3943a2be]" started-at="2018-07-28T22:54:13Z" name="SearchAMail" finished-at="2018-07-28T22:54:24Z" duration-ms="11203" status="PASS">
          <reporter-output>
          </reporter-output>
        </test-method> <!-- SearchAMail -->
        <test-method is-config="true" signature="Close()[pri:0, instance:GMail.SearchingMail@3943a2be]" started-at="2018-07-28T22:54:24Z" name="Close" finished-at="2018-07-28T22:54:27Z" duration-ms="3124" status="PASS">
          <reporter-output>
          </reporter-output>
        </test-method> <!-- Close -->
      </class> <!-- GMail.SearchingMail -->
      <class name="GMail.StarringMailAfterOpening">
        <test-method is-config="true" signature="OpenGmailApp()[pri:0, instance:GMail.StarringMailAfterOpening@343570b7]" started-at="2018-07-28T22:54:27Z" name="OpenGmailApp" finished-at="2018-07-28T22:54:37Z" duration-ms="9740" status="PASS">
          <reporter-output>
          </reporter-output>
        </test-method> <!-- OpenGmailApp -->
        <test-method signature="CountOfStarredMails()[pri:0, instance:GMail.StarringMailAfterOpening@343570b7]" started-at="2018-07-28T22:54:37Z" name="CountOfStarredMails" finished-at="2018-07-28T22:54:43Z" duration-ms="6157" status="PASS">
          <reporter-output>
          </reporter-output>
        </test-method> <!-- CountOfStarredMails -->
      </class> <!-- GMail.StarringMailAfterOpening -->
      <class name="GMail.OpenMails">
        <test-method is-config="true" signature="OpenGmailApp()[pri:0, instance:GMail.OpenMails@ba54932]" started-at="2018-07-28T22:52:17Z" name="OpenGmailApp" finished-at="2018-07-28T22:52:26Z" duration-ms="8848" status="PASS">
          <reporter-output>
          </reporter-output>
        </test-method> <!-- OpenGmailApp -->
        <test-method signature="OpeningMail()[pri:0, instance:GMail.OpenMails@ba54932]" started-at="2018-07-28T22:52:26Z" name="OpeningMail" finished-at="2018-07-28T22:53:13Z" duration-ms="46372" status="PASS">
          <reporter-output>
          </reporter-output>
        </test-method> <!-- OpeningMail -->
        <test-method is-config="true" signature="Close()[pri:0, instance:GMail.OpenMails@ba54932]" started-at="2018-07-28T22:53:13Z" name="Close" finished-at="2018-07-28T22:53:16Z" duration-ms="3218" status="PASS">
          <reporter-output>
          </reporter-output>
        </test-method> <!-- Close -->
      </class> <!-- GMail.OpenMails -->
      <class name="GMail.SendingMail">
        <test-method is-config="true" signature="OpenGmailApp()[pri:0, instance:GMail.SendingMail@28975c28]" started-at="2018-07-28T22:53:16Z" name="OpenGmailApp" finished-at="2018-07-28T22:53:26Z" duration-ms="10372" status="PASS">
          <reporter-output>
          </reporter-output>
        </test-method> <!-- OpenGmailApp -->
        <test-method signature="SendMail()[pri:0, instance:GMail.SendingMail@28975c28]" started-at="2018-07-28T22:53:26Z" name="SendMail" finished-at="2018-07-28T22:53:59Z" duration-ms="32578" status="PASS">
          <reporter-output>
          </reporter-output>
        </test-method> <!-- SendMail -->
        <test-method is-config="true" signature="Close()[pri:0, instance:GMail.SendingMail@28975c28]" started-at="2018-07-28T22:53:59Z" name="Close" finished-at="2018-07-28T22:54:02Z" duration-ms="3282" status="PASS">
          <reporter-output>
          </reporter-output>
        </test-method> <!-- Close -->
      </class> <!-- GMail.SendingMail -->
      <class name="GMail.ChangeSettings">
        <test-method is-config="true" signature="OpenGmailApp()[pri:0, instance:GMail.ChangeSettings@157853da]" started-at="2018-07-28T22:54:43Z" name="OpenGmailApp" finished-at="2018-07-28T22:54:52Z" duration-ms="8996" status="PASS">
          <reporter-output>
          </reporter-output>
        </test-method> <!-- OpenGmailApp -->
        <test-method signature="ChangeGeneralSettings()[pri:0, instance:GMail.ChangeSettings@157853da]" started-at="2018-07-28T22:54:52Z" name="ChangeGeneralSettings" finished-at="2018-07-28T22:55:04Z" duration-ms="12316" status="PASS">
          <reporter-output>
          </reporter-output>
        </test-method> <!-- ChangeGeneralSettings -->
        <test-method is-config="true" signature="Close()[pri:0, instance:GMail.ChangeSettings@157853da]" started-at="2018-07-28T22:55:04Z" name="Close" finished-at="2018-07-28T22:55:08Z" duration-ms="3107" status="PASS">
          <reporter-output>
          </reporter-output>
        </test-method> <!-- Close -->
      </class> <!-- GMail.ChangeSettings -->
      <class name="GMail.ClickingMenuItems">
        <test-method is-config="true" signature="OpenGmailApp()[pri:0, instance:GMail.ClickingMenuItems@574b560f]" started-at="2018-07-28T22:52:03Z" name="OpenGmailApp" finished-at="2018-07-28T22:52:14Z" duration-ms="10657" status="PASS">
          <reporter-output>
          </reporter-output>
        </test-method> <!-- OpenGmailApp -->
        <test-method signature="UnreadMailsCount()[pri:0, instance:GMail.ClickingMenuItems@574b560f]" started-at="2018-07-28T22:52:14Z" name="UnreadMailsCount" finished-at="2018-07-28T22:52:17Z" duration-ms="3817" status="PASS">
          <reporter-output>
          </reporter-output>
        </test-method> <!-- UnreadMailsCount -->
      </class> <!-- GMail.ClickingMenuItems -->
    </test> <!-- Sanity test -->
  </suite> <!-- GMail Automation tests -->
</testng-results>
